This is pdfTeX, Version 3.1415926-2.3-1.40.12 (TeX Live 2011) (format=pdflatex 2011.7.3)  23 MAY 2012 16:27
entering extended mode
 restricted \write18 enabled.
 %&-line parsing enabled.
**bmaxq.tex
(./bmaxq.tex
LaTeX2e <2009/09/24>
Babel <v3.8l> and hyphenation patterns for english, dumylang, nohyphenation, ge
rman-x-2009-06-19, ngerman-x-2009-06-19, afrikaans, ancientgreek, ibycus, arabi
c, armenian, basque, bulgarian, catalan, pinyin, coptic, croatian, czech, danis
h, dutch, ukenglish, usenglishmax, esperanto, estonian, ethiopic, farsi, finnis
h, french, galician, german, ngerman, swissgerman, monogreek, greek, hungarian,
 icelandic, assamese, bengali, gujarati, hindi, kannada, malayalam, marathi, or
iya, panjabi, tamil, telugu, indonesian, interlingua, irish, italian, kurmanji,
 lao, latin, latvian, lithuanian, mongolian, mongolianlmc, bokmal, nynorsk, pol
ish, portuguese, romanian, russian, sanskrit, serbian, serbianc, slovak, sloven
ian, spanish, swedish, turkish, turkmen, ukrainian, uppersorbian, welsh, loaded
.
(/usr/local/texlive/2011/texmf-dist/tex/latex/base/article.cls
Document Class: article 2007/10/19 v1.4h Standard LaTeX document class
(/usr/local/texlive/2011/texmf-dist/tex/latex/base/size10.clo
File: size10.clo 2007/10/19 v1.4h Standard LaTeX file (size option)
)
\c@part=\count79
\c@section=\count80
\c@subsection=\count81
\c@subsubsection=\count82
\c@paragraph=\count83
\c@subparagraph=\count84
\c@figure=\count85
\c@table=\count86
\abovecaptionskip=\skip41
\belowcaptionskip=\skip42
\bibindent=\dimen102
)
(./complexity.sty
Package: complexity 11/24/06  v0.77

  +----------------------------------------------+
    complexity LaTeX package 
    version: 
    author: Chris Bourke (cbourke@cse.unl.edu) 
  +----------------------------------------------+
(/usr/local/texlive/2011/texmf-dist/tex/latex/base/ifthen.sty
Package: ifthen 2001/05/26 v1.1c Standard LaTeX ifthen package (DPC)
)
(/usr/local/texlive/2011/texmf-dist/tex/latex/complexity/mycomplexity.sty))
(/usr/local/texlive/2011/texmf-dist/tex/latex/amsfonts/amssymb.sty
Package: amssymb 2009/06/22 v3.00

(/usr/local/texlive/2011/texmf-dist/tex/latex/amsfonts/amsfonts.sty
Package: amsfonts 2009/06/22 v3.00 Basic AMSFonts support
\@emptytoks=\toks14
\symAMSa=\mathgroup4
\symAMSb=\mathgroup5
LaTeX Font Info:    Overwriting math alphabet `\mathfrak' in version `bold'
(Font)                  U/euf/m/n --> U/euf/b/n on input line 96.
))
(/usr/local/texlive/2011/texmf-dist/tex/latex/amsmath/amsmath.sty
Package: amsmath 2000/07/18 v2.13 AMS math features
\@mathmargin=\skip43

For additional information on amsmath, use the `?' option.
(/usr/local/texlive/2011/texmf-dist/tex/latex/amsmath/amstext.sty
Package: amstext 2000/06/29 v2.01

(/usr/local/texlive/2011/texmf-dist/tex/latex/amsmath/amsgen.sty
File: amsgen.sty 1999/11/30 v2.0
\@emptytoks=\toks15
\ex@=\dimen103
))
(/usr/local/texlive/2011/texmf-dist/tex/latex/amsmath/amsbsy.sty
Package: amsbsy 1999/11/29 v1.2d
\pmbraise@=\dimen104
)
(/usr/local/texlive/2011/texmf-dist/tex/latex/amsmath/amsopn.sty
Package: amsopn 1999/12/14 v2.01 operator names
)
\inf@bad=\count87
LaTeX Info: Redefining \frac on input line 211.
\uproot@=\count88
\leftroot@=\count89
LaTeX Info: Redefining \overline on input line 307.
\classnum@=\count90
\DOTSCASE@=\count91
LaTeX Info: Redefining \ldots on input line 379.
LaTeX Info: Redefining \dots on input line 382.
LaTeX Info: Redefining \cdots on input line 467.
\Mathstrutbox@=\box26
\strutbox@=\box27
\big@size=\dimen105
LaTeX Font Info:    Redeclaring font encoding OML on input line 567.
LaTeX Font Info:    Redeclaring font encoding OMS on input line 568.
\macc@depth=\count92
\c@MaxMatrixCols=\count93
\dotsspace@=\muskip10
\c@parentequation=\count94
\dspbrk@lvl=\count95
\tag@help=\toks16
\row@=\count96
\column@=\count97
\maxfields@=\count98
\andhelp@=\toks17
\eqnshift@=\dimen106
\alignsep@=\dimen107
\tagshift@=\dimen108
\tagwidth@=\dimen109
\totwidth@=\dimen110
\lineht@=\dimen111
\@envbody=\toks18
\multlinegap=\skip44
\multlinetaggap=\skip45
\mathdisplay@stack=\toks19
LaTeX Info: Redefining \[ on input line 2666.
LaTeX Info: Redefining \] on input line 2667.
)
(/usr/local/texlive/2011/texmf-dist/tex/latex/amscls/amsthm.sty
Package: amsthm 2009/07/02 v2.20.1
\thm@style=\toks20
\thm@bodyfont=\toks21
\thm@headfont=\toks22
\thm@notefont=\toks23
\thm@headpunct=\toks24
\thm@preskip=\skip46
\thm@postskip=\skip47
\thm@headsep=\skip48
\dth@everypar=\toks25
)
(/usr/local/texlive/2011/texmf-dist/tex/latex/multirow/multirow.sty
\bigstrutjot=\dimen112
)
(/usr/local/texlive/2011/texmf-dist/tex/latex/graphics/graphicx.sty
Package: graphicx 1999/02/16 v1.0f Enhanced LaTeX Graphics (DPC,SPQR)

(/usr/local/texlive/2011/texmf-dist/tex/latex/graphics/keyval.sty
Package: keyval 1999/03/16 v1.13 key=value parser (DPC)
\KV@toks@=\toks26
)
(/usr/local/texlive/2011/texmf-dist/tex/latex/graphics/graphics.sty
Package: graphics 2009/02/05 v1.0o Standard LaTeX Graphics (DPC,SPQR)

(/usr/local/texlive/2011/texmf-dist/tex/latex/graphics/trig.sty
Package: trig 1999/03/16 v1.09 sin cos tan (DPC)
)
(/usr/local/texlive/2011/texmf-dist/tex/latex/latexconfig/graphics.cfg
File: graphics.cfg 2010/04/23 v1.9 graphics configuration of TeX Live
)
Package graphics Info: Driver file: pdftex.def on input line 91.

(/usr/local/texlive/2011/texmf-dist/tex/latex/pdftex-def/pdftex.def
File: pdftex.def 2011/05/27 v0.06d Graphics/color for pdfTeX

(/usr/local/texlive/2011/texmf-dist/tex/generic/oberdiek/infwarerr.sty
Package: infwarerr 2010/04/08 v1.3 Providing info/warning/message (HO)
)
(/usr/local/texlive/2011/texmf-dist/tex/generic/oberdiek/ltxcmds.sty
Package: ltxcmds 2011/04/18 v1.20 LaTeX kernel commands for general use (HO)
)
\Gread@gobject=\count99
))
\Gin@req@height=\dimen113
\Gin@req@width=\dimen114
)
(/usr/local/texlive/2011/texmf-dist/tex/latex/subfigure/subfigure.sty
Package: subfigure 2002/03/15 v2.1.5 subfigure package
\subfigtopskip=\skip49
\subfigcapskip=\skip50
\subfigcaptopadj=\dimen115
\subfigbottomskip=\skip51
\subfigcapmargin=\dimen116
\subfiglabelskip=\skip52
\c@subfigure=\count100
\c@lofdepth=\count101
\c@subtable=\count102
\c@lotdepth=\count103

****************************************
* Local config file subfigure.cfg used *
****************************************
(/usr/local/texlive/2011/texmf-dist/tex/latex/subfigure/subfigure.cfg)
\subfig@top=\skip53
\subfig@bottom=\skip54
)
(/usr/local/texlive/2011/texmf-dist/tex/latex/hyperref/hyperref.sty
Package: hyperref 2011/04/17 v6.82g Hypertext links for LaTeX

(/usr/local/texlive/2011/texmf-dist/tex/generic/oberdiek/hobsub-hyperref.sty
Package: hobsub-hyperref 2011/04/23 v1.4 Bundle oberdiek, subset hyperref (HO)

(/usr/local/texlive/2011/texmf-dist/tex/generic/oberdiek/hobsub-generic.sty
Package: hobsub-generic 2011/04/23 v1.4 Bundle oberdiek, subset generic (HO)
Package: hobsub 2011/04/23 v1.4 Subsetting bundle oberdiek (HO)
Package hobsub Info: Skipping package `infwarerr' (already loaded).
Package hobsub Info: Skipping package `ltxcmds' (already loaded).
Package: ifluatex 2010/03/01 v1.3 Provides the ifluatex switch (HO)
Package ifluatex Info: LuaTeX not detected.
Package: ifvtex 2010/03/01 v1.5 Switches for detecting VTeX and its modes (HO)
Package ifvtex Info: VTeX not detected.
Package: intcalc 2007/09/27 v1.1 Expandable integer calculations (HO)
Package: ifpdf 2011/01/30 v2.3 Provides the ifpdf switch (HO)
Package ifpdf Info: pdfTeX in PDF mode is detected.
Package: etexcmds 2011/02/16 v1.5 Prefix for e-TeX command names (HO)
Package etexcmds Info: Could not find \expanded.
(etexcmds)             That can mean that you are not using pdfTeX 1.50 or
(etexcmds)             that some package has redefined \expanded.
(etexcmds)             In the latter case, load this package earlier.
Package: kvsetkeys 2011/04/07 v1.13 Key value parser (HO)
Package: kvdefinekeys 2011/04/07 v1.3 Defining keys (HO)
Package: pdftexcmds 2011/04/22 v0.16 Utilities of pdfTeX for LuaTeX (HO)
Package pdftexcmds Info: LuaTeX not detected.
Package pdftexcmds Info: \pdf@primitive is available.
Package pdftexcmds Info: \pdf@ifprimitive is available.
Package pdftexcmds Info: \pdfdraftmode found.
Package: pdfescape 2011/04/04 v1.12 Provides string conversions (HO)
Package: bigintcalc 2011/01/30 v1.2 Expandable big integer calculations (HO)
Package: bitset 2011/01/30 v1.1 Data type bit set (HO)
Package: uniquecounter 2011/01/30 v1.2 Provides unlimited unique counter (HO)
)
Package hobsub Info: Skipping package `hobsub' (already loaded).
Package: letltxmacro 2010/09/02 v1.4 Let assignment for LaTeX macros (HO)
Package: hopatch 2011/01/30 v1.0 Wrapper for package hooks (HO)
Package: xcolor-patch 2011/01/30 xcolor patch
Package: atveryend 2011/04/23 v1.7 Hooks at very end of document (HO)
Package atveryend Info: \enddocument detected (standard).
Package: atbegshi 2011/01/30 v1.15 At begin shipout hook (HO)
Package: refcount 2010/12/01 v3.2 Data extraction from references (HO)
Package: hycolor 2011/01/30 v1.7 Color options of hyperref/bookmark (HO)
)
(/usr/local/texlive/2011/texmf-dist/tex/generic/ifxetex/ifxetex.sty
Package: ifxetex 2010/09/12 v0.6 Provides ifxetex conditional
)
(/usr/local/texlive/2011/texmf-dist/tex/latex/oberdiek/kvoptions.sty
Package: kvoptions 2010/12/23 v3.10 Keyval support for LaTeX options (HO)
)
\@linkdim=\dimen117
\Hy@linkcounter=\count104
\Hy@pagecounter=\count105

(/usr/local/texlive/2011/texmf-dist/tex/latex/hyperref/pd1enc.def
File: pd1enc.def 2011/04/17 v6.82g Hyperref: PDFDocEncoding definition (HO)
)
\Hy@SavedSpaceFactor=\count106

(/usr/local/texlive/2011/texmf-dist/tex/latex/latexconfig/hyperref.cfg
File: hyperref.cfg 2002/06/06 v1.2 hyperref configuration of TeXLive
)
Package hyperref Info: Hyper figures OFF on input line 4026.
Package hyperref Info: Link nesting OFF on input line 4031.
Package hyperref Info: Hyper index ON on input line 4034.
Package hyperref Info: Plain pages OFF on input line 4041.
Package hyperref Info: Backreferencing OFF on input line 4046.
Package hyperref Info: Implicit mode ON; LaTeX internals redefined.
Package hyperref Info: Bookmarks ON on input line 4264.
\c@Hy@tempcnt=\count107

(/usr/local/texlive/2011/texmf-dist/tex/latex/url/url.sty
\Urlmuskip=\muskip11
Package: url 2006/04/12  ver 3.3  Verb mode for urls, etc.
)
LaTeX Info: Redefining \url on input line 4617.
\Fld@menulength=\count108
\Field@Width=\dimen118
\Fld@charsize=\dimen119
Package hyperref Info: Hyper figures OFF on input line 5701.
Package hyperref Info: Link nesting OFF on input line 5706.
Package hyperref Info: Hyper index ON on input line 5709.
Package hyperref Info: backreferencing OFF on input line 5716.
Package hyperref Info: Link coloring OFF on input line 5721.
Package hyperref Info: Link coloring with OCG OFF on input line 5726.
Package hyperref Info: PDF/A mode OFF on input line 5731.
LaTeX Info: Redefining \ref on input line 5771.
LaTeX Info: Redefining \pageref on input line 5775.
\Hy@abspage=\count109
\c@Item=\count110
\c@Hfootnote=\count111
)

Package hyperref Message: Driver (autodetected): hpdftex.

(/usr/local/texlive/2011/texmf-dist/tex/latex/hyperref/hpdftex.def
File: hpdftex.def 2011/04/17 v6.82g Hyperref driver for pdfTeX
\Fld@listcount=\count112
\c@bookmark@seq@number=\count113

(/usr/local/texlive/2011/texmf-dist/tex/latex/oberdiek/rerunfilecheck.sty
Package: rerunfilecheck 2011/04/15 v1.7 Rerun checks for auxiliary files (HO)
Package uniquecounter Info: New unique counter `rerunfilecheck' on input line 2
82.
)
\Hy@SectionHShift=\skip55
)
(/usr/local/texlive/2011/texmf-dist/tex/latex/oberdiek/hypcap.sty
Package: hypcap 2011/02/16 v1.11 Adjusting anchors of captions (HO)
)
(/usr/local/texlive/2011/texmf-dist/tex/latex/tools/xspace.sty
Package: xspace 2006/05/08 v1.12 Space after command names (DPC,MH)
) (./icml2012.sty
Package: icml2012 2012/01/01 v2.0 ICML Conference Style File
(./fancyhdr.sty
\fancy@headwidth=\skip56
\f@ncyO@elh=\skip57
\f@ncyO@erh=\skip58
\f@ncyO@olh=\skip59
\f@ncyO@orh=\skip60
\f@ncyO@elf=\skip61
\f@ncyO@erf=\skip62
\f@ncyO@olf=\skip63
\f@ncyO@orf=\skip64
)
(/usr/local/texlive/2011/texmf-dist/tex/latex/graphics/color.sty
Package: color 2005/11/14 v1.0j Standard LaTeX Color (DPC)

(/usr/local/texlive/2011/texmf-dist/tex/latex/latexconfig/color.cfg
File: color.cfg 2007/01/18 v1.5 color configuration of teTeX/TeXLive
)
Package color Info: Driver file: pdftex.def on input line 130.
)
(/usr/local/texlive/2011/texmf-dist/tex/latex/algorithms/algorithm.sty
Package: algorithm 2009/08/24 v0.1 Document Style `algorithm' - floating enviro
nment

(/usr/local/texlive/2011/texmf-dist/tex/latex/float/float.sty
Package: float 2001/11/08 v1.3d Float enhancements (AL)
\c@float@type=\count114
\float@exts=\toks27
\float@box=\box28
\@float@everytoks=\toks28
\@floatcapt=\box29
)
\@float@every@algorithm=\toks29
\c@algorithm=\count115
)
(./algorithmic.sty
Package: algorithmic 2009/08/24 v0.1 Document Style `algorithmic'
\c@ALC@unique=\count116
\c@ALC@line=\count117
\c@ALC@rem=\count118
\c@ALC@depth=\count119
\ALC@tlm=\skip65
\algorithmicindent=\skip66
) (./natbib.sty
Package: natbib 2009/07/16 8.31 (PWD, AO)
\bibhang=\skip67
\bibsep=\skip68
LaTeX Info: Redefining \cite on input line 694.
\c@NAT@ctr=\count120
)
(/usr/local/texlive/2011/texmf-dist/tex/latex/eso-pic/eso-pic.sty
Package: eso-pic 2010/10/06 v2.0c eso-pic (RN)
)
Package hyperref Info: Option `colorlinks' set `true' on input line 90.
\titrun=\box30
\captionbox=\box31
\captionboxwid=\dimen120
\icmlrulerbox=\box32
\icmlrulercount=\count121
\icmlruleroffset=\dimen121
\cv@lineheight=\dimen122
\cv@boxheight=\dimen123
\cv@tmpbox=\box33
\cv@refno=\count122
\cv@tot=\count123
\cv@tmpc@=\count124
\cv@tmpc=\count125
)
No file bmaxq.aux.
\openout1 = `bmaxq.aux'.

LaTeX Font Info:    Checking defaults for OML/cmm/m/it on input line 14.
LaTeX Font Info:    ... okay on input line 14.
LaTeX Font Info:    Checking defaults for T1/cmr/m/n on input line 14.
LaTeX Font Info:    ... okay on input line 14.
LaTeX Font Info:    Checking defaults for OT1/cmr/m/n on input line 14.
LaTeX Font Info:    ... okay on input line 14.
LaTeX Font Info:    Checking defaults for OMS/cmsy/m/n on input line 14.
LaTeX Font Info:    ... okay on input line 14.
LaTeX Font Info:    Checking defaults for OMX/cmex/m/n on input line 14.
LaTeX Font Info:    ... okay on input line 14.
LaTeX Font Info:    Checking defaults for U/cmr/m/n on input line 14.
LaTeX Font Info:    ... okay on input line 14.
LaTeX Font Info:    Checking defaults for PD1/pdf/m/n on input line 14.
LaTeX Font Info:    ... okay on input line 14.
(/usr/local/texlive/2011/texmf-dist/tex/context/base/supp-pdf.mkii
[Loading MPS to PDF converter (version 2006.09.02).]
\scratchcounter=\count126
\scratchdimen=\dimen124
\scratchbox=\box34
\nofMPsegments=\count127
\nofMParguments=\count128
\everyMPshowfont=\toks30
\MPscratchCnt=\count129
\MPscratchDim=\dimen125
\MPnumerator=\count130
\makeMPintoPDFobject=\count131
\everyMPtoPDFconversion=\toks31
) (/usr/local/texlive/2011/texmf-dist/tex/latex/oberdiek/epstopdf-base.sty
Package: epstopdf-base 2010/02/09 v2.5 Base part for package epstopdf

(/usr/local/texlive/2011/texmf-dist/tex/latex/oberdiek/grfext.sty
Package: grfext 2010/08/19 v1.1 Managing graphics extensions (HO)
)
Package grfext Info: Graphics extension search list:
(grfext)             [.png,.pdf,.jpg,.mps,.jpeg,.jbig2,.jb2,.PNG,.PDF,.JPG,.JPE
G,.JBIG2,.JB2,.eps]
(grfext)             \AppendGraphicsExtensions on input line 452.

(/usr/local/texlive/2011/texmf-dist/tex/latex/latexconfig/epstopdf-sys.cfg
File: epstopdf-sys.cfg 2010/07/13 v1.3 Configuration of (r)epstopdf for TeX Liv
e
))
\AtBeginShipoutBox=\box35
Package hyperref Info: Link coloring ON on input line 14.

(/usr/local/texlive/2011/texmf-dist/tex/latex/hyperref/nameref.sty
Package: nameref 2010/04/30 v2.40 Cross-referencing by name of section

(/usr/local/texlive/2011/texmf-dist/tex/generic/oberdiek/gettitlestring.sty
Package: gettitlestring 2010/12/03 v1.4 Cleanup title references (HO)
)
\c@section@level=\count132
)
LaTeX Info: Redefining \ref on input line 14.
LaTeX Info: Redefining \pageref on input line 14.
LaTeX Info: Redefining \nameref on input line 14.
\@outlinefile=\write3
\openout3 = `bmaxq.out'.


Overfull \hbox (5.1225pt too wide) in paragraph at lines 28--28
 [] 
 []


Underfull \hbox (badness 3364) in paragraph at lines 29--44
[]\OT1/cmr/m/n/9 We de-scribe an ap-proach to in-cor-po-rat-ing
 []

(./introduction.tex

Package natbib Warning: Citation `suttbarto' on page 1 undefined on input line 
8.


Package natbib Warning: Citation `kaelbling.jair96' on page 1 undefined on inpu
t line 9.


Package natbib Warning: Citation `barto.deds03' on page 1 undefined on input li
ne 15.


Package natbib Warning: Citation `stolle.book02' on page 1 undefined on input l
ine 21.


Package natbib Warning: Citation `d-hrl-00' on page 1 undefined on input line 2
3.


Package natbib Warning: Citation `alisp' on page 1 undefined on input line 24.


Package natbib Warning: Citation `dearden.uai99' on page 1 undefined on input l
ine 42.


Package natbib Warning: Citation `Dearden98' on page 1 undefined on input line 
43.


Package natbib Warning: Citation `Engel03' on page 1 undefined on input line 43
.


Package natbib Warning: Citation `Ghavamzadeh07bayesianpolicy' on page 1 undefi
ned on input line 44.


Package natbib Warning: Citation `d-hrl-00' on page 1 undefined on input line 5
1.


Underfull \vbox (badness 10000) has occurred while \output is active []

 [1{/usr/local/texlive/2011/texmf-var/fonts/map/pdftex/updmap/pdftex.map}



]

Package natbib Warning: Citation `Lazaric_bayesianmulti-task' on page 2 undefin
ed on input line 77.


Package natbib Warning: Citation `icml2007' on page 2 undefined on input line 7
7.


Package natbib Warning: Citation `mehta.icml08' on page 2 undefined on input li
ne 81.

) (./relwork.tex
LaTeX Font Info:    Try loading font information for U+msa on input line 7.
 (/usr/local/texlive/2011/texmf-dist/tex/latex/amsfonts/umsa.fd
File: umsa.fd 2009/06/22 v3.00 AMS symbols A
)
LaTeX Font Info:    Try loading font information for U+msb on input line 7.
 (/usr/local/texlive/2011/texmf-dist/tex/latex/amsfonts/umsb.fd
File: umsb.fd 2009/06/22 v3.00 AMS symbols B
)

Package natbib Warning: Citation `d-hrl-00' on page 2 undefined on input line 4
9.


Package natbib Warning: Citation `rmax-maxq' on page 2 undefined on input line 
49.


Underfull \vbox (badness 10000) has occurred while \output is active []



Package natbib Warning: Citation `dearden.uai99' on page 2 undefined on input l
ine 70.


Package natbib Warning: Citation `Dearden98' on page 2 undefined on input line 
71.


Package natbib Warning: Citation `Engel03' on page 2 undefined on input line 71
.


Package natbib Warning: Citation `Ghavamzadeh07bayesianpolicy' on page 2 undefi
ned on input line 72.


Package natbib Warning: Citation `ghavamzadeh:icml07' on page 2 undefined on in
put line 73.


Package natbib Warning: Citation `Thompson' on page 2 undefined on input line 7
6.


Package natbib Warning: Citation `Strens' on page 2 undefined on input line 76.



Package natbib Warning: Citation `dearden.uai99' on page 2 undefined on input l
ine 87.


Package natbib Warning: Citation `Zhao-bhrl-2010' on page 2 undefined on input 
line 91.


Package natbib Warning: Citation `rmax-maxq' on page 2 undefined on input line 
92.


Package natbib Warning: Citation `Brafman01r-max' on page 2 undefined on input 
line 93.

) (./algorithm.tex
Underfull \vbox (badness 10000) has occurred while \output is active []

 [2]

LaTeX Warning: Reference `alg:bmaxq' on page 3 undefined on input line 17.


LaTeX Warning: Reference `alg:recompvalue' on page 3 undefined on input line 18
.


LaTeX Warning: Reference `line:update' on page 3 undefined on input line 36.


LaTeX Warning: Reference `line:comp1' on page 3 undefined on input line 40.


LaTeX Warning: Reference `line:comp2' on page 3 undefined on input line 40.


LaTeX Warning: Reference `line:checkk' on page 3 undefined on input line 53.


Package natbib Warning: Citation `d-hrl-00' on page 3 undefined on input line 5
9.


LaTeX Warning: Reference `line:sample' on page 3 undefined on input line 66.


LaTeX Warning: Reference `line:recursive' on page 3 undefined on input line 69.



LaTeX Warning: Reference `line:comp1' on page 3 undefined on input line 69.


LaTeX Warning: Reference `line:comp2' on page 3 undefined on input line 69.


Underfull \vbox (badness 10000) has occurred while \output is active []

LaTeX Font Info:    Try loading font information for OMS+cmr on input line 87.

(/usr/local/texlive/2011/texmf-dist/tex/latex/base/omscmr.fd
File: omscmr.fd 1999/05/25 v2.5h Standard LaTeX font definitions
)
LaTeX Font Info:    Font shape `OMS/cmr/m/n' in size <10> not available
(Font)              Font shape `OMS/cmsy/m/n' tried instead on input line 87.

Underfull \hbox (badness 3612) in paragraph at lines 96--97
[] []$\OML/cmm/m/it/10 C\OT1/cmr/m/n/10 (\OML/cmm/m/it/10 i; s; a\OT1/cmr/m/n/1
0 ) \OMS/cmsy/m/n/10   \OT1/cmr/m/n/10 (1 \OMS/cmsy/m/n/10 ^^@ \OML/cmm/m/it/10
 \OT1/cmr/m/n/10 ) \OMS/cmsy/m/n/10 ^^A \OML/cmm/m/it/10 C\OT1/cmr/m/n/10 (\OM
L/cmm/m/it/10 i; s; a\OT1/cmr/m/n/10 ) + \OML/cmm/m/it/10  \OMS/cmsy/m/n/10 ^^
A
 []


Underfull \hbox (badness 3612) in paragraph at lines 97--98
[] []$[]\OT1/cmr/m/n/10 (\OML/cmm/m/it/10 i; s; a\OT1/cmr/m/n/10 ) \OMS/cmsy/m/
n/10   \OT1/cmr/m/n/10 (1 \OMS/cmsy/m/n/10 ^^@ \OML/cmm/m/it/10 \OT1/cmr/m/n/1
0 ) \OMS/cmsy/m/n/10 ^^A []\OT1/cmr/m/n/10 (\OML/cmm/m/it/10 i; s; a\OT1/cmr/m/
n/10 ) + \OML/cmm/m/it/10  \OMS/cmsy/m/n/10 ^^A
 []


Underfull \hbox (badness 5133) in paragraph at lines 117--118
[] []\OT1/cmr/m/n/10 Task $\OML/cmm/m/it/10 i$\OT1/cmr/m/n/10 , Up-date In-ter-
val $\OML/cmm/m/it/10 k$\OT1/cmr/m/n/10 , Sim-u-la-tion
 []


Underfull \vbox (badness 10000) has occurred while \output is active []

 [3]

LaTeX Warning: Reference `alg:pr' on page 4 undefined on input line 213.


Package natbib Warning: Citation `Dearden98' on page 4 undefined on input line 
216.


LaTeX Warning: Reference `alg:bmaxq' on page 4 undefined on input line 222.


LaTeX Warning: Reference `alg:recompvalue' on page 4 undefined on input line 22
2.

) (./experiments.tex <exp/Taxib.pdf, id=65, 794.97pt x 614.295pt>
File: exp/Taxib.pdf Graphic file (type pdf)

<use exp/Taxib.pdf>
Package pdftex.def Info: exp/Taxib.pdf used on input line 6.
(pdftex.def)             Requested size: 214.40259pt x 154.17711pt.
 <exp/Taxinb.pdf, id=67, 794.97pt x 614.295pt>
File: exp/Taxinb.pdf Graphic file (type pdf)

<use exp/Taxinb.pdf>
Package pdftex.def Info: exp/Taxinb.pdf used on input line 7.
(pdftex.def)             Requested size: 214.40259pt x 154.17711pt.
 <exp/Wargus3322b.pdf, id=69, 794.97pt x 614.295pt>
File: exp/Wargus3322b.pdf Graphic file (type pdf)

<use exp/Wargus3322b.pdf>
Package pdftex.def Info: exp/Wargus3322b.pdf used on input line 8.
(pdftex.def)             Requested size: 214.40259pt x 154.17711pt.
 <exp/Wargus3322nb.pdf, id=71, 794.97pt x 614.295pt>
File: exp/Wargus3322nb.pdf Graphic file (type pdf)

<use exp/Wargus3322nb.pdf>
Package pdftex.def Info: exp/Wargus3322nb.pdf used on input line 9.
(pdftex.def)             Requested size: 214.40259pt x 154.17711pt.

Underfull \vbox (badness 10000) has occurred while \output is active []

 [4]

Package natbib Warning: Citation `d-hrl-00' on page 5 undefined on input line 4
3.


Package natbib Warning: Citation `mehta.icml08' on page 5 undefined on input li
ne 44.


Underfull \vbox (badness 10000) has occurred while \output is active []


Underfull \hbox (badness 10000) in paragraph at lines 129--129
[]\OT1/cmr/m/n/9 Bayesian MaxQ, Un-in-
 []


Underfull \hbox (badness 4927) in paragraph at lines 131--131
[]\OT1/cmr/m/n/9 Bayesian Model-based Q,
 []


Underfull \hbox (badness 4927) in paragraph at lines 135--135
[]\OT1/cmr/m/n/9 Bayesian Model-based Q,
 []


Underfull \hbox (badness 4927) in paragraph at lines 137--138
[]\OT1/cmr/m/n/9 Bayesian Model-based Q,
 []


Underfull \vbox (badness 10000) has occurred while \output is active []

 [5pdfTeX warning (ext4): destination with the same identifier (name{figure.1})
 has been already used, duplicate ignored

\AtBegShi@Output ...ipout \box \AtBeginShipoutBox 
                                                  \fi \fi 
l.149 
       <./exp/Taxib.pdf, page is rotated 90 degrees> <./exp/Taxinb.pdf, page is
 rotated 90 degrees> <./exp/Wargus3322b.pdf, page is rotated 90 degrees> <./exp
/Wargus3322nb.pdf, page is rotated 90 degrees>]

LaTeX Warning: Reference `fig:nopr' on page 6 undefined on input line 173.


Underfull \vbox (badness 10000) has occurred while \output is active []


<task/Hallway-Hierarchy.pdf, id=141, 539.01375pt x 529.98pt>
File: task/Hallway-Hierarchy.pdf Graphic file (type pdf)

<use task/Hallway-Hierarchy.pdf>
Package pdftex.def Info: task/Hallway-Hierarchy.pdf used on input line 215.
(pdftex.def)             Requested size: 269.50621pt x 264.98933pt.

<exp/Taxi_Modified_b.pdf, id=142, 794.97pt x 614.295pt>
File: exp/Taxi_Modified_b.pdf Graphic file (type pdf)

<use exp/Taxi_Modified_b.pdf>
Package pdftex.def Info: exp/Taxi_Modified_b.pdf used on input line 223.
(pdftex.def)             Requested size: 214.40259pt x 154.17711pt.

<exp/Taxi_Modified_nb.pdf, id=144, 794.97pt x 614.295pt>
File: exp/Taxi_Modified_nb.pdf Graphic file (type pdf)

<use exp/Taxi_Modified_nb.pdf>
Package pdftex.def Info: exp/Taxi_Modified_nb.pdf used on input line 224.
(pdftex.def)             Requested size: 214.40259pt x 154.17711pt.

<exp/Hallwayb.pdf, id=146, 794.97pt x 614.295pt>
File: exp/Hallwayb.pdf Graphic file (type pdf)
 <use exp/Hallwayb.pdf>
Package pdftex.def Info: exp/Hallwayb.pdf used on input line 225.
(pdftex.def)             Requested size: 214.40259pt x 154.17711pt.

<exp/Hallwaynb.pdf, id=148, 794.97pt x 614.295pt>
File: exp/Hallwaynb.pdf Graphic file (type pdf)
 <use exp/Hallwaynb.pdf>
Package pdftex.def Info: exp/Hallwaynb.pdf used on input line 226.
(pdftex.def)             Requested size: 214.40259pt x 154.17711pt.


LaTeX Warning: Reference `tab:time' on page 6 undefined on input line 234.


LaTeX Warning: Reference `fig:nopr' on page 6 undefined on input line 247.

[6pdfTeX warning (ext4): destination with the same identifier (name{table.1}) h
as been already used, duplicate ignored

\AtBegShi@Output ...ipout \box \AtBeginShipoutBox 
                                                  \fi \fi 
l.252 
      pdfTeX warning (ext4): destination with the same identifier (name{figure.
2}) has been already used, duplicate ignored

\AtBegShi@Output ...ipout \box \AtBeginShipoutBox 
                                                  \fi \fi 
l.252 
       <./task/Hallway-Hierarchy.pdf>]

Package natbib Warning: Citation `d-hrl-00' on page 7 undefined on input line 2
82.


Package natbib Warning: Citation `parr:thesis' on page 7 undefined on input lin
e 282.


LaTeX Warning: Reference `fig:hallway' on page 7 undefined on input line 286.


LaTeX Warning: Reference `fig:pr' on page 7 undefined on input line 297.


Underfull \vbox (badness 10000) has occurred while \output is active []



LaTeX Warning: Reference `fig:pr' on page 7 undefined on input line 307.


Underfull \vbox (badness 10000) has occurred while \output is active []

 [7pdfTeX warning (ext4): destination with the same identifier (name{figure.3})
 has been already used, duplicate ignored

\AtBegShi@Output ...ipout \box \AtBeginShipoutBox 
                                                  \fi \fi 
l.313 
       <./exp/Taxi_Modified_b.pdf, page is rotated 90 degrees> <./exp/Taxi_Modi
fied_nb.pdf, page is rotated 90 degrees> <./exp/Hallwayb.pdf, page is rotated 9
0 degrees> <./exp/Hallwaynb.pdf, page is rotated 90 degrees>])
(./conclusion.tex) (./bmaxq.bbl
Underfull \hbox (badness 3088) in paragraph at lines 90--94
[]\OT1/cmr/m/n/9 Lazaric, Alessan-dro and Ghavamzadeh, Mo-ham-mad.
 []

)

Package natbib Warning: There were undefined citations.

Package atveryend Info: Empty hook `BeforeClearDocument' on input line 55.
[8]
Package atveryend Info: Empty hook `AfterLastShipout' on input line 55.
 (./bmaxq.aux

Package natbib Warning: Citation(s) may have changed.
(natbib)                Rerun to get citations correct.

)
Package atveryend Info: Executing hook `AtVeryEndDocument' on input line 55.
Package atveryend Info: Executing hook `AtEndAfterFileList' on input line 55.


Package rerunfilecheck Warning: File `bmaxq.out' has changed.
(rerunfilecheck)                Rerun to get outlines right
(rerunfilecheck)                or use package `bookmark'.

Package rerunfilecheck Info: Checksums for `bmaxq.out':
(rerunfilecheck)             Before: <no file>
(rerunfilecheck)             After:  D41D8CD98F00B204E9800998ECF8427E;0.

LaTeX Warning: There were undefined references.


LaTeX Warning: Label(s) may have changed. Rerun to get cross-references right.

Package atveryend Info: Empty hook `AtVeryVeryEnd' on input line 55.
 ) 
Here is how much of TeX's memory you used:
 7651 strings out of 493633
 104932 string characters out of 3143378
 225363 words of memory out of 3000000
 10722 multiletter control sequences out of 15000+200000
 12991 words of font info for 49 fonts, out of 3000000 for 9000
 831 hyphenation exceptions out of 8191
 32i,15n,45p,293b,578s stack positions out of 5000i,500n,10000p,200000b,50000s
</usr/local/texlive/2011/texmf-dist/fonts/type1/public/amsfonts/cm/cmbx10.pfb
></usr/local/texlive/2011/texmf-dist/fonts/type1/public/amsfonts/cm/cmbx12.pfb>
</usr/local/texlive/2011/texmf-dist/fonts/type1/public/amsfonts/cm/cmbx9.pfb></
usr/local/texlive/2011/texmf-dist/fonts/type1/public/amsfonts/cm/cmcsc10.pfb></
usr/local/texlive/2011/texmf-dist/fonts/type1/public/amsfonts/cm/cmex10.pfb></u
sr/local/texlive/2011/texmf-dist/fonts/type1/public/amsfonts/cm/cmmi10.pfb></us
r/local/texlive/2011/texmf-dist/fonts/type1/public/amsfonts/cm/cmmi5.pfb></usr/
local/texlive/2011/texmf-dist/fonts/type1/public/amsfonts/cm/cmmi7.pfb></usr/lo
cal/texlive/2011/texmf-dist/fonts/type1/public/amsfonts/cm/cmr10.pfb></usr/loca
l/texlive/2011/texmf-dist/fonts/type1/public/amsfonts/cm/cmr6.pfb></usr/local/t
exlive/2011/texmf-dist/fonts/type1/public/amsfonts/cm/cmr7.pfb></usr/local/texl
ive/2011/texmf-dist/fonts/type1/public/amsfonts/cm/cmr9.pfb></usr/local/texlive
/2011/texmf-dist/fonts/type1/public/amsfonts/cm/cmsl9.pfb></usr/local/texlive/2
011/texmf-dist/fonts/type1/public/amsfonts/cm/cmss10.pfb></usr/local/texlive/20
11/texmf-dist/fonts/type1/public/amsfonts/cm/cmss9.pfb></usr/local/texlive/2011
/texmf-dist/fonts/type1/public/amsfonts/cm/cmsy10.pfb></usr/local/texlive/2011/
texmf-dist/fonts/type1/public/amsfonts/cm/cmsy5.pfb></usr/local/texlive/2011/te
xmf-dist/fonts/type1/public/amsfonts/cm/cmsy7.pfb></usr/local/texlive/2011/texm
f-dist/fonts/type1/public/amsfonts/cm/cmti10.pfb></usr/local/texlive/2011/texmf
-dist/fonts/type1/public/amsfonts/cm/cmti9.pfb></usr/local/texlive/2011/texmf-d
ist/fonts/type1/public/amsfonts/cm/cmtt9.pfb>
Output written on bmaxq.pdf (8 pages, 551776 bytes).
PDF statistics:
 324 PDF objects out of 1000 (max. 8388607)
 259 compressed objects within 3 object streams
 93 named destinations out of 1000 (max. 500000)
 94 words of extra memory for PDF output out of 10000 (max. 10000000)

