Episode 0:	Step: 1200	Reward: -1261.0
Test after Episode 0:	Average Step: 10000.0	Average Reward: -10000.0
Episode 1:	Step: 473	Reward: -462.0
Episode 2:	Step: 170	Reward: -159.0
Episode 3:	Step: 284	Reward: -273.0
Episode 4:	Step: 403	Reward: -419.0
Episode 5:	Step: 1065	Reward: -1054.0
Episode 6:	Step: 591	Reward: -580.0
Episode 7:	Step: 155	Reward: -144.0
Episode 8:	Step: 392	Reward: -390.0
Episode 9:	Step: 110	Reward: -99.0
Episode 10:	Step: 121	Reward: -119.0
Episode 11:	Step: 363	Reward: -361.0
Episode 12:	Step: 430	Reward: -419.0
Episode 13:	Step: 98	Reward: -87.0
Episode 14:	Step: 1430	Reward: -1419.0
Episode 15:	Step: 110	Reward: -99.0
Episode 16:	Step: 53	Reward: -42.0
Episode 17:	Step: 42	Reward: -31.0
Episode 18:	Step: 2	Reward: 9.0
Episode 19:	Step: 229	Reward: -218.0
Episode 20:	Step: 187	Reward: -185.0
Test after Episode 20:	Average Step: 10000.0	Average Reward: -10000.0
Episode 21:	Step: 258	Reward: -256.0
Episode 22:	Step: 16	Reward: -5.0
Episode 23:	Step: 171	Reward: -160.0
Episode 24:	Step: 202	Reward: -191.0
Episode 25:	Step: 275	Reward: -264.0
Episode 26:	Step: 156	Reward: -154.0
Episode 27:	Step: 81	Reward: -70.0
Episode 28:	Step: 43	Reward: -32.0
Episode 29:	Step: 288	Reward: -277.0
Episode 30:	Step: 363	Reward: -352.0
Episode 31:	Step: 163	Reward: -152.0
Episode 32:	Step: 131	Reward: -120.0
Episode 33:	Step: 118	Reward: -107.0
Episode 34:	Step: 161	Reward: -150.0
Episode 35:	Step: 244	Reward: -233.0
Episode 36:	Step: 125	Reward: -114.0
Episode 37:	Step: 143	Reward: -132.0
Episode 38:	Step: 164	Reward: -153.0
Episode 39:	Step: 12	Reward: -1.0
Episode 40:	Step: 199	Reward: -188.0
Test after Episode 40:	Average Step: 10000.0	Average Reward: -100000.0
Episode 41:	Step: 267	Reward: -256.0
Episode 42:	Step: 170	Reward: -159.0
Episode 43:	Step: 149	Reward: -138.0
Episode 44:	Step: 164	Reward: -153.0
Episode 45:	Step: 208	Reward: -206.0
Episode 46:	Step: 181	Reward: -170.0
Episode 47:	Step: 22	Reward: -11.0
Episode 48:	Step: 175	Reward: -164.0
Episode 49:	Step: 147	Reward: -136.0
Episode 50:	Step: 122	Reward: -111.0
Episode 51:	Step: 198	Reward: -187.0
Episode 52:	Step: 121	Reward: -110.0
Episode 53:	Step: 173	Reward: -162.0
Episode 54:	Step: 196	Reward: -185.0
Episode 55:	Step: 7	Reward: 4.0
Episode 56:	Step: 166	Reward: -155.0
Episode 57:	Step: 100	Reward: -89.0
Episode 58:	Step: 241	Reward: -230.0
Episode 59:	Step: 12	Reward: -1.0
Episode 60:	Step: 229	Reward: -218.0
Test after Episode 60:	Average Step: 10000.0	Average Reward: -10000.0
Episode 61:	Step: 31	Reward: -20.0
Episode 62:	Step: 90	Reward: -79.0
Episode 63:	Step: 108	Reward: -97.0
Episode 64:	Step: 41	Reward: -30.0
Episode 65:	Step: 186	Reward: -175.0
Episode 66:	Step: 133	Reward: -122.0
Episode 67:	Step: 102	Reward: -91.0
Episode 68:	Step: 224	Reward: -222.0
Episode 69:	Step: 6	Reward: 5.0
Episode 70:	Step: 190	Reward: -179.0
Episode 71:	Step: 70	Reward: -59.0
Episode 72:	Step: 57	Reward: -46.0
Episode 73:	Step: 119	Reward: -108.0
Episode 74:	Step: 131	Reward: -129.0
Episode 75:	Step: 174	Reward: -163.0
Episode 76:	Step: 59	Reward: -48.0
Episode 77:	Step: 5	Reward: 6.0
Episode 78:	Step: 96	Reward: -85.0
Episode 79:	Step: 183	Reward: -181.0
Episode 80:	Step: 67	Reward: -56.0
Test after Episode 80:	Average Step: 10000.0	Average Reward: -10000.0
Episode 81:	Step: 167	Reward: -156.0
Episode 82:	Step: 49	Reward: -38.0
Episode 83:	Step: 107	Reward: -96.0
Episode 84:	Step: 252	Reward: -241.0
Episode 85:	Step: 124	Reward: -113.0
Episode 86:	Step: 46	Reward: -35.0
Episode 87:	Step: 114	Reward: -103.0
Episode 88:	Step: 98	Reward: -87.0
Episode 89:	Step: 129	Reward: -118.0
Episode 90:	Step: 190	Reward: -188.0
Episode 91:	Step: 53	Reward: -42.0
Episode 92:	Step: 95	Reward: -84.0
Episode 93:	Step: 190	Reward: -179.0
Episode 94:	Step: 113	Reward: -102.0
Episode 95:	Step: 87	Reward: -76.0
Episode 96:	Step: 10	Reward: 1.0
Episode 97:	Step: 102	Reward: -91.0
Episode 98:	Step: 5	Reward: 6.0
Episode 99:	Step: 31	Reward: -20.0
Episode 100:	Step: 40	Reward: -29.0
Test after Episode 100:	Average Step: 10000.0	Average Reward: -10000.0
Episode 101:	Step: 105	Reward: -94.0
Episode 102:	Step: 94	Reward: -83.0
Episode 103:	Step: 33	Reward: -22.0
Episode 104:	Step: 114	Reward: -103.0
Episode 105:	Step: 50	Reward: -39.0
Episode 106:	Step: 154	Reward: -143.0
Episode 107:	Step: 32	Reward: -21.0
Episode 108:	Step: 72	Reward: -61.0
Episode 109:	Step: 96	Reward: -85.0
Episode 110:	Step: 110	Reward: -99.0
Episode 111:	Step: 64	Reward: -53.0
Episode 112:	Step: 157	Reward: -146.0
Episode 113:	Step: 54	Reward: -43.0
Episode 114:	Step: 52	Reward: -41.0
Episode 115:	Step: 25	Reward: -14.0
Episode 116:	Step: 49	Reward: -38.0
Episode 117:	Step: 37	Reward: -26.0
Episode 118:	Step: 102	Reward: -91.0
Episode 119:	Step: 92	Reward: -81.0
Episode 120:	Step: 53	Reward: -42.0
Test after Episode 120:	Average Step: 10000.0	Average Reward: -10000.0
Episode 121:	Step: 57	Reward: -46.0
Episode 122:	Step: 133	Reward: -122.0
Episode 123:	Step: 111	Reward: -100.0
Episode 124:	Step: 208	Reward: -197.0
Episode 125:	Step: 76	Reward: -65.0
Episode 126:	Step: 52	Reward: -41.0
Episode 127:	Step: 132	Reward: -121.0
Episode 128:	Step: 109	Reward: -98.0
Episode 129:	Step: 52	Reward: -41.0
Episode 130:	Step: 35	Reward: -24.0
Episode 131:	Step: 65	Reward: -54.0
Episode 132:	Step: 193	Reward: -182.0
Episode 133:	Step: 154	Reward: -143.0
Episode 134:	Step: 154	Reward: -143.0
Episode 135:	Step: 75	Reward: -64.0
Episode 136:	Step: 55	Reward: -44.0
Episode 137:	Step: 102	Reward: -91.0
Episode 138:	Step: 85	Reward: -74.0
Episode 139:	Step: 116	Reward: -105.0
Episode 140:	Step: 56	Reward: -45.0
Test after Episode 140:	Average Step: 10000.0	Average Reward: -10000.0
Episode 141:	Step: 92	Reward: -81.0
Episode 142:	Step: 87	Reward: -76.0
Episode 143:	Step: 116	Reward: -105.0
Episode 144:	Step: 99	Reward: -88.0
Episode 145:	Step: 121	Reward: -110.0
Episode 146:	Step: 38	Reward: -27.0
Episode 147:	Step: 135	Reward: -124.0
Episode 148:	Step: 130	Reward: -119.0
Episode 149:	Step: 33	Reward: -22.0
Episode 150:	Step: 79	Reward: -77.0
Episode 151:	Step: 233	Reward: -222.0
Episode 152:	Step: 70	Reward: -59.0
Episode 153:	Step: 158	Reward: -147.0
Episode 154:	Step: 140	Reward: -129.0
Episode 155:	Step: 181	Reward: -170.0
Episode 156:	Step: 22	Reward: -11.0
Episode 157:	Step: 66	Reward: -55.0
Episode 158:	Step: 19	Reward: -8.0
Episode 159:	Step: 125	Reward: -114.0
Episode 160:	Step: 43	Reward: -32.0
Test after Episode 160:	Average Step: 10000.0	Average Reward: -10000.0
Episode 161:	Step: 48	Reward: -37.0
Episode 162:	Step: 178	Reward: -167.0
Episode 163:	Step: 48	Reward: -37.0
Episode 164:	Step: 37	Reward: -26.0
Episode 165:	Step: 82	Reward: -71.0
Episode 166:	Step: 4	Reward: 7.0
Episode 167:	Step: 110	Reward: -99.0
Episode 168:	Step: 54	Reward: -43.0
Episode 169:	Step: 49	Reward: -38.0
Episode 170:	Step: 125	Reward: -123.0
Episode 171:	Step: 30	Reward: -19.0
Episode 172:	Step: 174	Reward: -163.0
Episode 173:	Step: 21	Reward: -10.0
Episode 174:	Step: 134	Reward: -123.0
Episode 175:	Step: 82	Reward: -71.0
Episode 176:	Step: 69	Reward: -58.0
Episode 177:	Step: 14	Reward: -3.0
Episode 178:	Step: 87	Reward: -76.0
Episode 179:	Step: 91	Reward: -80.0
Episode 180:	Step: 55	Reward: -44.0
Test after Episode 180:	Average Step: 10000.0	Average Reward: -10000.0
Episode 181:	Step: 72	Reward: -70.0
Episode 182:	Step: 76	Reward: -65.0
Episode 183:	Step: 20	Reward: -9.0
Episode 184:	Step: 66	Reward: -55.0
Episode 185:	Step: 35	Reward: -24.0
Episode 186:	Step: 68	Reward: -57.0
Episode 187:	Step: 50	Reward: -39.0
Episode 188:	Step: 27	Reward: -16.0
Episode 189:	Step: 15	Reward: -4.0
Episode 190:	Step: 108	Reward: -97.0
Episode 191:	Step: 113	Reward: -102.0
Episode 192:	Step: 71	Reward: -60.0
Episode 193:	Step: 105	Reward: -94.0
Episode 194:	Step: 29	Reward: -18.0
Episode 195:	Step: 151	Reward: -140.0
Episode 196:	Step: 91	Reward: -80.0
Episode 197:	Step: 81	Reward: -70.0
Episode 198:	Step: 112	Reward: -101.0
Episode 199:	Step: 72	Reward: -61.0
Episode 200:	Step: 54	Reward: -43.0
Test after Episode 200:	Average Step: 10000.0	Average Reward: -10000.0
Episode 201:	Step: 12	Reward: -1.0
Episode 202:	Step: 15	Reward: -4.0
Episode 203:	Step: 80	Reward: -69.0
Episode 204:	Step: 18	Reward: -7.0
Episode 205:	Step: 60	Reward: -49.0
Episode 206:	Step: 158	Reward: -147.0
Episode 207:	Step: 19	Reward: -8.0
Episode 208:	Step: 101	Reward: -90.0
Episode 209:	Step: 82	Reward: -71.0
Episode 210:	Step: 103	Reward: -101.0
Episode 211:	Step: 38	Reward: -27.0
Episode 212:	Step: 85	Reward: -74.0
Episode 213:	Step: 30	Reward: -19.0
Episode 214:	Step: 76	Reward: -65.0
Episode 215:	Step: 71	Reward: -60.0
Episode 216:	Step: 146	Reward: -135.0
Episode 217:	Step: 55	Reward: -44.0
Episode 218:	Step: 2	Reward: 9.0
Episode 219:	Step: 21	Reward: -10.0
Episode 220:	Step: 60	Reward: -49.0
Test after Episode 220:	Average Step: 10000.0	Average Reward: -10000.0
Episode 221:	Step: 131	Reward: -120.0
Episode 222:	Step: 11	Reward: 0.0
Episode 223:	Step: 50	Reward: -39.0
Episode 224:	Step: 22	Reward: -11.0
Episode 225:	Step: 57	Reward: -46.0
Episode 226:	Step: 72	Reward: -61.0
Episode 227:	Step: 68	Reward: -57.0
Episode 228:	Step: 92	Reward: -81.0
Episode 229:	Step: 102	Reward: -91.0
Episode 230:	Step: 110	Reward: -99.0
Episode 231:	Step: 190	Reward: -188.0
Episode 232:	Step: 24	Reward: -13.0
Episode 233:	Step: 21	Reward: -10.0
Episode 234:	Step: 103	Reward: -92.0
Episode 235:	Step: 61	Reward: -50.0
Episode 236:	Step: 47	Reward: -36.0
Episode 237:	Step: 125	Reward: -114.0
Episode 238:	Step: 26	Reward: -15.0
Episode 239:	Step: 37	Reward: -26.0
Episode 240:	Step: 78	Reward: -67.0
Test after Episode 240:	Average Step: 10000.0	Average Reward: -10000.0
Episode 241:	Step: 86	Reward: -75.0
Episode 242:	Step: 76	Reward: -65.0
Episode 243:	Step: 2	Reward: 9.0
Episode 244:	Step: 58	Reward: -47.0
Episode 245:	Step: 46	Reward: -35.0
Episode 246:	Step: 96	Reward: -85.0
Episode 247:	Step: 55	Reward: -44.0
Episode 248:	Step: 55	Reward: -44.0
Episode 249:	Step: 54	Reward: -43.0
Episode 250:	Step: 7	Reward: 4.0
Episode 251:	Step: 20	Reward: -9.0
Episode 252:	Step: 112	Reward: -101.0
Episode 253:	Step: 4	Reward: 7.0
Episode 254:	Step: 3	Reward: 8.0
Episode 255:	Step: 130	Reward: -119.0
Episode 256:	Step: 72	Reward: -61.0
Episode 257:	Step: 62	Reward: -51.0
Episode 258:	Step: 60	Reward: -49.0
Episode 259:	Step: 96	Reward: -85.0
Episode 260:	Step: 40	Reward: -29.0
Test after Episode 260:	Average Step: 10000.0	Average Reward: -10000.0
Episode 261:	Step: 80	Reward: -69.0
Episode 262:	Step: 74	Reward: -63.0
Episode 263:	Step: 4	Reward: 7.0
Episode 264:	Step: 85	Reward: -74.0
Episode 265:	Step: 33	Reward: -22.0
Episode 266:	Step: 73	Reward: -62.0
Episode 267:	Step: 38	Reward: -27.0
Episode 268:	Step: 13	Reward: -2.0
Episode 269:	Step: 79	Reward: -68.0
Episode 270:	Step: 55	Reward: -44.0
Episode 271:	Step: 18	Reward: -7.0
Episode 272:	Step: 131	Reward: -120.0
Episode 273:	Step: 77	Reward: -66.0
Episode 274:	Step: 77	Reward: -66.0
Episode 275:	Step: 74	Reward: -63.0
Episode 276:	Step: 24	Reward: -13.0
Episode 277:	Step: 56	Reward: -45.0
Episode 278:	Step: 18	Reward: -7.0
Episode 279:	Step: 62	Reward: -51.0
Episode 280:	Step: 8	Reward: 3.0
Test after Episode 280:	Average Step: 10000.0	Average Reward: -10000.0
Episode 281:	Step: 73	Reward: -71.0
Episode 282:	Step: 9	Reward: 2.0
Episode 283:	Step: 120	Reward: -109.0
Episode 284:	Step: 69	Reward: -58.0
Episode 285:	Step: 98	Reward: -87.0
Episode 286:	Step: 58	Reward: -47.0
Episode 287:	Step: 102	Reward: -91.0
Episode 288:	Step: 83	Reward: -72.0
Episode 289:	Step: 77	Reward: -66.0
Episode 290:	Step: 80	Reward: -69.0
Episode 291:	Step: 31	Reward: -20.0
Episode 292:	Step: 26	Reward: -15.0
Episode 293:	Step: 22	Reward: -11.0
Episode 294:	Step: 15	Reward: -4.0
Episode 295:	Step: 40	Reward: -29.0
Episode 296:	Step: 75	Reward: -64.0
Episode 297:	Step: 111	Reward: -109.0
Episode 298:	Step: 55	Reward: -44.0
Episode 299:	Step: 32	Reward: -21.0
Episode 300:	Step: 15	Reward: -4.0
Test after Episode 300:	Average Step: 10000.0	Average Reward: -10000.0
Episode 301:	Step: 77	Reward: -66.0
Episode 302:	Step: 105	Reward: -94.0
Episode 303:	Step: 48	Reward: -37.0
Episode 304:	Step: 198	Reward: -187.0
Episode 305:	Step: 55	Reward: -44.0
Episode 306:	Step: 106	Reward: -95.0
Episode 307:	Step: 103	Reward: -92.0
Episode 308:	Step: 90	Reward: -79.0
Episode 309:	Step: 60	Reward: -49.0
Episode 310:	Step: 60	Reward: -49.0
Episode 311:	Step: 61	Reward: -50.0
Episode 312:	Step: 81	Reward: -70.0
Episode 313:	Step: 21	Reward: -10.0
Episode 314:	Step: 116	Reward: -105.0
Episode 315:	Step: 70	Reward: -59.0
Episode 316:	Step: 62	Reward: -51.0
Episode 317:	Step: 66	Reward: -55.0
Episode 318:	Step: 72	Reward: -61.0
Episode 319:	Step: 37	Reward: -26.0
Episode 320:	Step: 78	Reward: -67.0
Test after Episode 320:	Average Step: 10000.0	Average Reward: -10000.0
Episode 321:	Step: 7	Reward: 4.0
Episode 322:	Step: 4	Reward: 7.0
Episode 323:	Step: 47	Reward: -36.0
Episode 324:	Step: 55	Reward: -44.0
Episode 325:	Step: 96	Reward: -85.0
Episode 326:	Step: 62	Reward: -51.0
Episode 327:	Step: 61	Reward: -50.0
Episode 328:	Step: 29	Reward: -18.0
Episode 329:	Step: 34	Reward: -23.0
Episode 330:	Step: 77	Reward: -66.0
Episode 331:	Step: 81	Reward: -70.0
Episode 332:	Step: 104	Reward: -93.0
Episode 333:	Step: 111	Reward: -100.0
Episode 334:	Step: 87	Reward: -76.0
Episode 335:	Step: 59	Reward: -48.0
Episode 336:	Step: 47	Reward: -36.0
Episode 337:	Step: 47	Reward: -36.0
Episode 338:	Step: 85	Reward: -74.0
Episode 339:	Step: 18	Reward: -7.0
Episode 340:	Step: 63	Reward: -52.0
Test after Episode 340:	Average Step: 10000.0	Average Reward: -10000.0
Episode 341:	Step: 68	Reward: -57.0
Episode 342:	Step: 78	Reward: -67.0
Episode 343:	Step: 87	Reward: -76.0
Episode 344:	Step: 48	Reward: -37.0
Episode 345:	Step: 81	Reward: -70.0
Episode 346:	Step: 39	Reward: -28.0
Episode 347:	Step: 124	Reward: -113.0
Episode 348:	Step: 7	Reward: 4.0
Episode 349:	Step: 17	Reward: -6.0
Episode 350:	Step: 77	Reward: -66.0
Episode 351:	Step: 44	Reward: -33.0
Episode 352:	Step: 19	Reward: -8.0
Episode 353:	Step: 82	Reward: -80.0
Episode 354:	Step: 55	Reward: -44.0
Episode 355:	Step: 68	Reward: -57.0
Episode 356:	Step: 48	Reward: -37.0
Episode 357:	Step: 26	Reward: -24.0
Episode 358:	Step: 17	Reward: -6.0
Episode 359:	Step: 48	Reward: -37.0
Episode 360:	Step: 5	Reward: 6.0
Test after Episode 360:	Average Step: 10000.0	Average Reward: -10000.0
Episode 361:	Step: 79	Reward: -68.0
Episode 362:	Step: 66	Reward: -55.0
Episode 363:	Step: 85	Reward: -74.0
Episode 364:	Step: 39	Reward: -28.0
Episode 365:	Step: 64	Reward: -53.0
Episode 366:	Step: 2	Reward: 9.0
Episode 367:	Step: 16	Reward: -5.0
Episode 368:	Step: 2	Reward: 9.0
Episode 369:	Step: 68	Reward: -57.0
Episode 370:	Step: 84	Reward: -73.0
Episode 371:	Step: 32	Reward: -21.0
Episode 372:	Step: 178	Reward: -167.0
Episode 373:	Step: 25	Reward: -14.0
Episode 374:	Step: 139	Reward: -128.0
Episode 375:	Step: 40	Reward: -29.0
Episode 376:	Step: 66	Reward: -55.0
Episode 377:	Step: 36	Reward: -25.0
Episode 378:	Step: 66	Reward: -55.0
Episode 379:	Step: 69	Reward: -58.0
Episode 380:	Step: 68	Reward: -57.0
Test after Episode 380:	Average Step: 10000.0	Average Reward: -10000.0
Episode 381:	Step: 59	Reward: -48.0
Episode 382:	Step: 74	Reward: -63.0
Episode 383:	Step: 78	Reward: -67.0
Episode 384:	Step: 33	Reward: -22.0
Episode 385:	Step: 31	Reward: -20.0
Episode 386:	Step: 4	Reward: 7.0
Episode 387:	Step: 51	Reward: -40.0
Episode 388:	Step: 35	Reward: -24.0
Episode 389:	Step: 37	Reward: -26.0
Episode 390:	Step: 115	Reward: -104.0
Episode 391:	Step: 64	Reward: -53.0
Episode 392:	Step: 76	Reward: -65.0
Episode 393:	Step: 71	Reward: -60.0
Episode 394:	Step: 64	Reward: -53.0
Episode 395:	Step: 103	Reward: -92.0
Episode 396:	Step: 11	Reward: 0.0
Episode 397:	Step: 11	Reward: 0.0
Episode 398:	Step: 41	Reward: -39.0
Episode 399:	Step: 45	Reward: -34.0
Episode 400:	Step: 165	Reward: -163.0
Test after Episode 400:	Average Step: 10000.0	Average Reward: -10000.0
Episode 401:	Step: 28	Reward: -17.0
Episode 402:	Step: 54	Reward: -43.0
Episode 403:	Step: 62	Reward: -51.0
Episode 404:	Step: 76	Reward: -65.0
Episode 405:	Step: 57	Reward: -46.0
Episode 406:	Step: 55	Reward: -44.0
Episode 407:	Step: 91	Reward: -80.0
Episode 408:	Step: 18	Reward: -7.0
Episode 409:	Step: 33	Reward: -22.0
Episode 410:	Step: 27	Reward: -16.0
Episode 411:	Step: 100	Reward: -89.0
Episode 412:	Step: 10	Reward: 1.0
Episode 413:	Step: 70	Reward: -59.0
Episode 414:	Step: 29	Reward: -18.0
Episode 415:	Step: 40	Reward: -29.0
Episode 416:	Step: 45	Reward: -34.0
Episode 417:	Step: 19	Reward: -8.0
Episode 418:	Step: 115	Reward: -104.0
Episode 419:	Step: 41	Reward: -30.0
Episode 420:	Step: 20	Reward: -9.0
Test after Episode 420:	Average Step: 10000.0	Average Reward: -10000.0
Episode 421:	Step: 23	Reward: -12.0
Episode 422:	Step: 19	Reward: -8.0
Episode 423:	Step: 63	Reward: -52.0
Episode 424:	Step: 46	Reward: -35.0
Episode 425:	Step: 84	Reward: -82.0
Episode 426:	Step: 5	Reward: 6.0
Episode 427:	Step: 55	Reward: -44.0
Episode 428:	Step: 33	Reward: -22.0
Episode 429:	Step: 60	Reward: -49.0
Episode 430:	Step: 145	Reward: -134.0
Episode 431:	Step: 115	Reward: -104.0
Episode 432:	Step: 23	Reward: -12.0
Episode 433:	Step: 2	Reward: 9.0
Episode 434:	Step: 11	Reward: 0.0
Episode 435:	Step: 30	Reward: -19.0
Episode 436:	Step: 44	Reward: -33.0
Episode 437:	Step: 64	Reward: -53.0
Episode 438:	Step: 108	Reward: -97.0
Episode 439:	Step: 3	Reward: 8.0
Episode 440:	Step: 76	Reward: -65.0
Test after Episode 440:	Average Step: 10000.0	Average Reward: -10000.0
Episode 441:	Step: 41	Reward: -30.0
Episode 442:	Step: 16	Reward: -5.0
Episode 443:	Step: 42	Reward: -31.0
Episode 444:	Step: 27	Reward: -16.0
Episode 445:	Step: 64	Reward: -53.0
Episode 446:	Step: 9	Reward: 2.0
Episode 447:	Step: 54	Reward: -43.0
Episode 448:	Step: 63	Reward: -52.0
Episode 449:	Step: 29	Reward: -18.0
Episode 450:	Step: 23	Reward: -12.0
Episode 451:	Step: 32	Reward: -21.0
Episode 452:	Step: 9	Reward: 2.0
Episode 453:	Step: 95	Reward: -84.0
Episode 454:	Step: 63	Reward: -52.0
Episode 455:	Step: 103	Reward: -92.0
Episode 456:	Step: 43	Reward: -32.0
Episode 457:	Step: 142	Reward: -131.0
Episode 458:	Step: 96	Reward: -85.0
Episode 459:	Step: 147	Reward: -136.0
Episode 460:	Step: 7	Reward: 4.0
Test after Episode 460:	Average Step: 10000.0	Average Reward: -10000.0
Episode 461:	Step: 31	Reward: -20.0
Episode 462:	Step: 32	Reward: -21.0
Episode 463:	Step: 74	Reward: -63.0
Episode 464:	Step: 42	Reward: -31.0
Episode 465:	Step: 50	Reward: -39.0
Episode 466:	Step: 54	Reward: -43.0
Episode 467:	Step: 78	Reward: -67.0
Episode 468:	Step: 132	Reward: -130.0
Episode 469:	Step: 18	Reward: -7.0
Episode 470:	Step: 20	Reward: -9.0
Episode 471:	Step: 15	Reward: -4.0
Episode 472:	Step: 51	Reward: -40.0
Episode 473:	Step: 33	Reward: -22.0
Episode 474:	Step: 50	Reward: -39.0
Episode 475:	Step: 93	Reward: -82.0
Episode 476:	Step: 40	Reward: -29.0
Episode 477:	Step: 29	Reward: -18.0
Episode 478:	Step: 52	Reward: -41.0
Episode 479:	Step: 42	Reward: -31.0
Episode 480:	Step: 79	Reward: -68.0
Test after Episode 480:	Average Step: 10000.0	Average Reward: -10000.0
Episode 481:	Step: 57	Reward: -46.0
Episode 482:	Step: 30	Reward: -19.0
Episode 483:	Step: 28	Reward: -17.0
Episode 484:	Step: 4	Reward: 7.0
Episode 485:	Step: 66	Reward: -55.0
Episode 486:	Step: 109	Reward: -98.0
Episode 487:	Step: 62	Reward: -51.0
Episode 488:	Step: 46	Reward: -35.0
Episode 489:	Step: 21	Reward: -10.0
Episode 490:	Step: 68	Reward: -57.0
Episode 491:	Step: 16	Reward: -5.0
Episode 492:	Step: 29	Reward: -18.0
Episode 493:	Step: 4	Reward: 7.0
Episode 494:	Step: 16	Reward: -5.0
Episode 495:	Step: 11	Reward: 0.0
Episode 496:	Step: 53	Reward: -42.0
Episode 497:	Step: 13	Reward: -2.0
Episode 498:	Step: 54	Reward: -43.0
Episode 499:	Step: 68	Reward: -57.0
Episode 500:	Step: 29	Reward: -18.0
Test after Episode 500:	Average Step: 10000.0	Average Reward: -10000.0
Episode 501:	Step: 38	Reward: -27.0
Episode 502:	Step: 17	Reward: -6.0
Episode 503:	Step: 27	Reward: -16.0
Episode 504:	Step: 27	Reward: -16.0
Episode 505:	Step: 47	Reward: -36.0
Episode 506:	Step: 22	Reward: -11.0
Episode 507:	Step: 7	Reward: 4.0
Episode 508:	Step: 21	Reward: -10.0
Episode 509:	Step: 50	Reward: -39.0
Episode 510:	Step: 67	Reward: -56.0
Episode 511:	Step: 72	Reward: -61.0
Episode 512:	Step: 85	Reward: -74.0
Episode 513:	Step: 53	Reward: -42.0
Episode 514:	Step: 58	Reward: -47.0
Episode 515:	Step: 39	Reward: -28.0
Episode 516:	Step: 48	Reward: -37.0
Episode 517:	Step: 72	Reward: -70.0
Episode 518:	Step: 84	Reward: -73.0
Episode 519:	Step: 53	Reward: -42.0
Episode 520:	Step: 49	Reward: -38.0
Test after Episode 520:	Average Step: 10000.0	Average Reward: -10000.0
Episode 521:	Step: 54	Reward: -43.0
Episode 522:	Step: 58	Reward: -47.0
Episode 523:	Step: 31	Reward: -20.0
Episode 524:	Step: 73	Reward: -62.0
Episode 525:	Step: 12	Reward: -1.0
Episode 526:	Step: 29	Reward: -18.0
Episode 527:	Step: 70	Reward: -59.0
Episode 528:	Step: 30	Reward: -19.0
Episode 529:	Step: 54	Reward: -43.0
Episode 530:	Step: 86	Reward: -75.0
Episode 531:	Step: 4	Reward: 7.0
Episode 532:	Step: 37	Reward: -26.0
Episode 533:	Step: 20	Reward: -9.0
Episode 534:	Step: 74	Reward: -63.0
Episode 535:	Step: 17	Reward: -6.0
Episode 536:	Step: 21	Reward: -10.0
Episode 537:	Step: 52	Reward: -41.0
Episode 538:	Step: 55	Reward: -44.0
Episode 539:	Step: 23	Reward: -12.0
Episode 540:	Step: 44	Reward: -33.0
Test after Episode 540:	Average Step: 10000.0	Average Reward: -10000.0
Episode 541:	Step: 47	Reward: -36.0
Episode 542:	Step: 59	Reward: -48.0
Episode 543:	Step: 47	Reward: -36.0
Episode 544:	Step: 71	Reward: -60.0
Episode 545:	Step: 7	Reward: 4.0
Episode 546:	Step: 33	Reward: -22.0
Episode 547:	Step: 65	Reward: -63.0
Episode 548:	Step: 69	Reward: -58.0
Episode 549:	Step: 30	Reward: -19.0
Episode 550:	Step: 32	Reward: -21.0
Episode 551:	Step: 21	Reward: -10.0
Episode 552:	Step: 39	Reward: -28.0
Episode 553:	Step: 62	Reward: -51.0
Episode 554:	Step: 72	Reward: -61.0
Episode 555:	Step: 16	Reward: -5.0
Episode 556:	Step: 27	Reward: -16.0
Episode 557:	Step: 5	Reward: 6.0
Episode 558:	Step: 41	Reward: -30.0
Episode 559:	Step: 9	Reward: 2.0
Episode 560:	Step: 14	Reward: -3.0
Test after Episode 560:	Average Step: 10000.0	Average Reward: -10000.0
Episode 561:	Step: 32	Reward: -21.0
Episode 562:	Step: 22	Reward: -11.0
Episode 563:	Step: 32	Reward: -21.0
Episode 564:	Step: 28	Reward: -17.0
Episode 565:	Step: 54	Reward: -43.0
Episode 566:	Step: 66	Reward: -55.0
Episode 567:	Step: 99	Reward: -88.0
Episode 568:	Step: 34	Reward: -23.0
Episode 569:	Step: 35	Reward: -24.0
Episode 570:	Step: 54	Reward: -43.0
Episode 571:	Step: 42	Reward: -31.0
Episode 572:	Step: 7	Reward: 4.0
Episode 573:	Step: 63	Reward: -52.0
Episode 574:	Step: 26	Reward: -15.0
Episode 575:	Step: 21	Reward: -10.0
Episode 576:	Step: 37	Reward: -26.0
Episode 577:	Step: 32	Reward: -21.0
Episode 578:	Step: 35	Reward: -24.0
Episode 579:	Step: 60	Reward: -49.0
Episode 580:	Step: 35	Reward: -24.0
Test after Episode 580:	Average Step: 10000.0	Average Reward: -10000.0
Episode 581:	Step: 50	Reward: -39.0
Episode 582:	Step: 14	Reward: -3.0
Episode 583:	Step: 9	Reward: 2.0
Episode 584:	Step: 21	Reward: -10.0
Episode 585:	Step: 39	Reward: -28.0
Episode 586:	Step: 60	Reward: -49.0
Episode 587:	Step: 65	Reward: -54.0
Episode 588:	Step: 60	Reward: -49.0
Episode 589:	Step: 60	Reward: -49.0
Episode 590:	Step: 38	Reward: -27.0
Episode 591:	Step: 74	Reward: -63.0
Episode 592:	Step: 2	Reward: 9.0
Episode 593:	Step: 48	Reward: -46.0
Episode 594:	Step: 27	Reward: -16.0
Episode 595:	Step: 24	Reward: -13.0
Episode 596:	Step: 46	Reward: -35.0
Episode 597:	Step: 46	Reward: -35.0
Episode 598:	Step: 16	Reward: -5.0
Episode 599:	Step: 119	Reward: -108.0
Episode 600:	Step: 19	Reward: -8.0
Test after Episode 600:	Average Step: 10000.0	Average Reward: -10000.0
Episode 601:	Step: 30	Reward: -19.0
Episode 602:	Step: 55	Reward: -44.0
Episode 603:	Step: 21	Reward: -10.0
Episode 604:	Step: 23	Reward: -12.0
Episode 605:	Step: 65	Reward: -54.0
Episode 606:	Step: 15	Reward: -4.0
Episode 607:	Step: 14	Reward: -3.0
Episode 608:	Step: 12	Reward: -1.0
Episode 609:	Step: 10	Reward: 1.0
Episode 610:	Step: 68	Reward: -57.0
Episode 611:	Step: 38	Reward: -27.0
Episode 612:	Step: 49	Reward: -38.0
Episode 613:	Step: 36	Reward: -25.0
Episode 614:	Step: 40	Reward: -29.0
Episode 615:	Step: 51	Reward: -40.0
Episode 616:	Step: 53	Reward: -42.0
Episode 617:	Step: 26	Reward: -15.0
Episode 618:	Step: 28	Reward: -17.0
Episode 619:	Step: 28	Reward: -17.0
Episode 620:	Step: 42	Reward: -31.0
Test after Episode 620:	Average Step: 10000.0	Average Reward: -10000.0
Episode 621:	Step: 7	Reward: 4.0
Episode 622:	Step: 41	Reward: -30.0
Episode 623:	Step: 30	Reward: -19.0
Episode 624:	Step: 17	Reward: -6.0
Episode 625:	Step: 4	Reward: 7.0
Episode 626:	Step: 89	Reward: -78.0
Episode 627:	Step: 107	Reward: -96.0
Episode 628:	Step: 17	Reward: -6.0
Episode 629:	Step: 29	Reward: -18.0
Episode 630:	Step: 37	Reward: -26.0
Episode 631:	Step: 32	Reward: -21.0
Episode 632:	Step: 71	Reward: -60.0
Episode 633:	Step: 15	Reward: -4.0
Episode 634:	Step: 48	Reward: -46.0
Episode 635:	Step: 34	Reward: -23.0
Episode 636:	Step: 28	Reward: -17.0
Episode 637:	Step: 61	Reward: -50.0
Episode 638:	Step: 19	Reward: -8.0
Episode 639:	Step: 33	Reward: -22.0
Episode 640:	Step: 39	Reward: -28.0
Test after Episode 640:	Average Step: 10000.0	Average Reward: -10000.0
Episode 641:	Step: 23	Reward: -12.0
Episode 642:	Step: 38	Reward: -27.0
Episode 643:	Step: 24	Reward: -13.0
Episode 644:	Step: 47	Reward: -36.0
Episode 645:	Step: 59	Reward: -48.0
Episode 646:	Step: 32	Reward: -21.0
Episode 647:	Step: 19	Reward: -8.0
Episode 648:	Step: 26	Reward: -15.0
Episode 649:	Step: 34	Reward: -23.0
Episode 650:	Step: 12	Reward: -1.0
Episode 651:	Step: 77	Reward: -66.0
Episode 652:	Step: 56	Reward: -45.0
Episode 653:	Step: 30	Reward: -19.0
Episode 654:	Step: 18	Reward: -7.0
Episode 655:	Step: 37	Reward: -26.0
Episode 656:	Step: 39	Reward: -28.0
Episode 657:	Step: 24	Reward: -13.0
Episode 658:	Step: 5	Reward: 6.0
Episode 659:	Step: 66	Reward: -55.0
Episode 660:	Step: 10	Reward: 1.0
Test after Episode 660:	Average Step: 10000.0	Average Reward: -10000.0
Episode 661:	Step: 3	Reward: 8.0
Episode 662:	Step: 51	Reward: -40.0
Episode 663:	Step: 16	Reward: -5.0
Episode 664:	Step: 33	Reward: -22.0
Episode 665:	Step: 18	Reward: -7.0
Episode 666:	Step: 39	Reward: -28.0
Episode 667:	Step: 62	Reward: -51.0
Episode 668:	Step: 5	Reward: 6.0
Episode 669:	Step: 2	Reward: 9.0
Episode 670:	Step: 15	Reward: -4.0
Episode 671:	Step: 46	Reward: -35.0
Episode 672:	Step: 21	Reward: -10.0
Episode 673:	Step: 71	Reward: -60.0
Episode 674:	Step: 37	Reward: -26.0
Episode 675:	Step: 65	Reward: -54.0
Episode 676:	Step: 42	Reward: -31.0
Episode 677:	Step: 81	Reward: -70.0
Episode 678:	Step: 22	Reward: -11.0
Episode 679:	Step: 34	Reward: -23.0
Episode 680:	Step: 56	Reward: -54.0
Test after Episode 680:	Average Step: 10000.0	Average Reward: -10000.0
Episode 681:	Step: 49	Reward: -38.0
Episode 682:	Step: 26	Reward: -15.0
Episode 683:	Step: 36	Reward: -25.0
Episode 684:	Step: 46	Reward: -35.0
Episode 685:	Step: 31	Reward: -20.0
Episode 686:	Step: 11	Reward: 0.0
Episode 687:	Step: 22	Reward: -11.0
Episode 688:	Step: 49	Reward: -38.0
Episode 689:	Step: 19	Reward: -8.0
Episode 690:	Step: 17	Reward: -6.0
Episode 691:	Step: 43	Reward: -32.0
Episode 692:	Step: 29	Reward: -18.0
Episode 693:	Step: 61	Reward: -50.0
Episode 694:	Step: 28	Reward: -17.0
Episode 695:	Step: 47	Reward: -36.0
Episode 696:	Step: 43	Reward: -32.0
Episode 697:	Step: 60	Reward: -49.0
Episode 698:	Step: 13	Reward: -2.0
Episode 699:	Step: 29	Reward: -18.0
Episode 700:	Step: 15	Reward: -4.0
Test after Episode 700:	Average Step: 10000.0	Average Reward: -10000.0
Episode 701:	Step: 17	Reward: -6.0
Episode 702:	Step: 23	Reward: -12.0
Episode 703:	Step: 14	Reward: -3.0
Episode 704:	Step: 35	Reward: -24.0
Episode 705:	Step: 50	Reward: -39.0
Episode 706:	Step: 88	Reward: -77.0
Episode 707:	Step: 10	Reward: 1.0
Episode 708:	Step: 27	Reward: -16.0
Episode 709:	Step: 43	Reward: -32.0
Episode 710:	Step: 19	Reward: -8.0
Episode 711:	Step: 53	Reward: -42.0
Episode 712:	Step: 21	Reward: -10.0
Episode 713:	Step: 49	Reward: -38.0
Episode 714:	Step: 50	Reward: -39.0
Episode 715:	Step: 16	Reward: -5.0
Episode 716:	Step: 55	Reward: -44.0
Episode 717:	Step: 49	Reward: -38.0
Episode 718:	Step: 19	Reward: -8.0
Episode 719:	Step: 37	Reward: -35.0
Episode 720:	Step: 58	Reward: -47.0
Test after Episode 720:	Average Step: 10000.0	Average Reward: -10000.0
Episode 721:	Step: 3	Reward: 8.0
Episode 722:	Step: 18	Reward: -7.0
Episode 723:	Step: 12	Reward: -1.0
Episode 724:	Step: 58	Reward: -47.0
Episode 725:	Step: 17	Reward: -6.0
Episode 726:	Step: 28	Reward: -17.0
Episode 727:	Step: 16	Reward: -5.0
Episode 728:	Step: 9	Reward: 2.0
Episode 729:	Step: 18	Reward: -7.0
Episode 730:	Step: 52	Reward: -41.0
Episode 731:	Step: 55	Reward: -44.0
Episode 732:	Step: 59	Reward: -48.0
Episode 733:	Step: 56	Reward: -45.0
Episode 734:	Step: 8	Reward: 3.0
Episode 735:	Step: 31	Reward: -20.0
Episode 736:	Step: 24	Reward: -13.0
Episode 737:	Step: 46	Reward: -35.0
Episode 738:	Step: 47	Reward: -36.0
Episode 739:	Step: 23	Reward: -12.0
Episode 740:	Step: 13	Reward: -2.0
Test after Episode 740:	Average Step: 10000.0	Average Reward: -10000.0
Episode 741:	Step: 4	Reward: 7.0
Episode 742:	Step: 66	Reward: -55.0
Episode 743:	Step: 46	Reward: -35.0
Episode 744:	Step: 8	Reward: 3.0
Episode 745:	Step: 38	Reward: -27.0
Episode 746:	Step: 14	Reward: -3.0
Episode 747:	Step: 43	Reward: -32.0
Episode 748:	Step: 24	Reward: -13.0
Episode 749:	Step: 23	Reward: -12.0
Episode 750:	Step: 35	Reward: -24.0
Episode 751:	Step: 27	Reward: -16.0
Episode 752:	Step: 19	Reward: -8.0
Episode 753:	Step: 30	Reward: -19.0
Episode 754:	Step: 28	Reward: -17.0
Episode 755:	Step: 39	Reward: -28.0
Episode 756:	Step: 52	Reward: -41.0
Episode 757:	Step: 34	Reward: -23.0
Episode 758:	Step: 56	Reward: -45.0
Episode 759:	Step: 7	Reward: 4.0
Episode 760:	Step: 45	Reward: -34.0
Test after Episode 760:	Average Step: 10000.0	Average Reward: -10000.0
Episode 761:	Step: 15	Reward: -4.0
Episode 762:	Step: 49	Reward: -38.0
Episode 763:	Step: 49	Reward: -38.0
Episode 764:	Step: 17	Reward: -6.0
Episode 765:	Step: 43	Reward: -32.0
Episode 766:	Step: 52	Reward: -41.0
Episode 767:	Step: 40	Reward: -29.0
Episode 768:	Step: 11	Reward: 0.0
Episode 769:	Step: 10	Reward: 1.0
Episode 770:	Step: 48	Reward: -37.0
Episode 771:	Step: 43	Reward: -32.0
Episode 772:	Step: 17	Reward: -6.0
Episode 773:	Step: 14	Reward: -3.0
Episode 774:	Step: 9	Reward: 2.0
Episode 775:	Step: 23	Reward: -12.0
Episode 776:	Step: 66	Reward: -55.0
Episode 777:	Step: 24	Reward: -13.0
Episode 778:	Step: 23	Reward: -12.0
Episode 779:	Step: 19	Reward: -8.0
Episode 780:	Step: 29	Reward: -18.0
Test after Episode 780:	Average Step: 10000.0	Average Reward: -10000.0
Episode 781:	Step: 5	Reward: 6.0
Episode 782:	Step: 9	Reward: 2.0
Episode 783:	Step: 44	Reward: -33.0
Episode 784:	Step: 13	Reward: -2.0
Episode 785:	Step: 24	Reward: -13.0
Episode 786:	Step: 16	Reward: -5.0
Episode 787:	Step: 39	Reward: -28.0
Episode 788:	Step: 13	Reward: -2.0
Episode 789:	Step: 24	Reward: -13.0
Episode 790:	Step: 19	Reward: -8.0
Episode 791:	Step: 40	Reward: -29.0
Episode 792:	Step: 17	Reward: -6.0
Episode 793:	Step: 27	Reward: -16.0
Episode 794:	Step: 37	Reward: -26.0
Episode 795:	Step: 23	Reward: -12.0
Episode 796:	Step: 13	Reward: -2.0
Episode 797:	Step: 23	Reward: -12.0
Episode 798:	Step: 33	Reward: -22.0
Episode 799:	Step: 14	Reward: -3.0
Episode 800:	Step: 14	Reward: -3.0
Test after Episode 800:	Average Step: 10000.0	Average Reward: -10000.0
Episode 801:	Step: 28	Reward: -17.0
Episode 802:	Step: 60	Reward: -49.0
Episode 803:	Step: 32	Reward: -21.0
Episode 804:	Step: 60	Reward: -49.0
Episode 805:	Step: 20	Reward: -9.0
Episode 806:	Step: 10	Reward: 1.0
Episode 807:	Step: 26	Reward: -15.0
Episode 808:	Step: 21	Reward: -10.0
Episode 809:	Step: 4	Reward: 7.0
Episode 810:	Step: 15	Reward: -4.0
Episode 811:	Step: 19	Reward: -8.0
Episode 812:	Step: 14	Reward: -3.0
Episode 813:	Step: 34	Reward: -23.0
Episode 814:	Step: 64	Reward: -53.0
Episode 815:	Step: 41	Reward: -30.0
Episode 816:	Step: 42	Reward: -31.0
Episode 817:	Step: 16	Reward: -5.0
Episode 818:	Step: 31	Reward: -20.0
Episode 819:	Step: 4	Reward: 7.0
Episode 820:	Step: 26	Reward: -15.0
Test after Episode 820:	Average Step: 10000.0	Average Reward: -10000.0
Episode 821:	Step: 32	Reward: -21.0
Episode 822:	Step: 8	Reward: 3.0
Episode 823:	Step: 14	Reward: -3.0
Episode 824:	Step: 51	Reward: -49.0
Episode 825:	Step: 79	Reward: -68.0
Episode 826:	Step: 26	Reward: -15.0
Episode 827:	Step: 52	Reward: -41.0
Episode 828:	Step: 17	Reward: -6.0
Episode 829:	Step: 6	Reward: 5.0
Episode 830:	Step: 56	Reward: -45.0
Episode 831:	Step: 67	Reward: -56.0
Episode 832:	Step: 27	Reward: -16.0
Episode 833:	Step: 49	Reward: -38.0
Episode 834:	Step: 43	Reward: -32.0
Episode 835:	Step: 29	Reward: -18.0
Episode 836:	Step: 36	Reward: -34.0
Episode 837:	Step: 28	Reward: -17.0
Episode 838:	Step: 16	Reward: -5.0
Episode 839:	Step: 48	Reward: -37.0
Episode 840:	Step: 4	Reward: 7.0
Test after Episode 840:	Average Step: 4.0	Average Reward: 7.0
Episode 841:	Step: 30	Reward: -19.0
Episode 842:	Step: 4	Reward: 7.0
Episode 843:	Step: 20	Reward: -9.0
Episode 844:	Step: 17	Reward: -6.0
Episode 845:	Step: 19	Reward: -8.0
Episode 846:	Step: 17	Reward: -6.0
Episode 847:	Step: 52	Reward: -41.0
Episode 848:	Step: 20	Reward: -9.0
Episode 849:	Step: 26	Reward: -15.0
Episode 850:	Step: 28	Reward: -17.0
Episode 851:	Step: 40	Reward: -29.0
Episode 852:	Step: 4	Reward: 7.0
Episode 853:	Step: 25	Reward: -14.0
Episode 854:	Step: 32	Reward: -21.0
Episode 855:	Step: 40	Reward: -29.0
Episode 856:	Step: 51	Reward: -40.0
Episode 857:	Step: 9	Reward: 2.0
Episode 858:	Step: 32	Reward: -21.0
Episode 859:	Step: 40	Reward: -29.0
Episode 860:	Step: 9	Reward: 2.0
Test after Episode 860:	Average Step: 10000.0	Average Reward: -10000.0
Episode 861:	Step: 58	Reward: -47.0
Episode 862:	Step: 43	Reward: -32.0
Episode 863:	Step: 3	Reward: 8.0
Episode 864:	Step: 18	Reward: -7.0
Episode 865:	Step: 26	Reward: -15.0
Episode 866:	Step: 46	Reward: -35.0
Episode 867:	Step: 68	Reward: -57.0
Episode 868:	Step: 13	Reward: -2.0
Episode 869:	Step: 52	Reward: -41.0
Episode 870:	Step: 84	Reward: -73.0
Episode 871:	Step: 35	Reward: -24.0
Episode 872:	Step: 39	Reward: -28.0
Episode 873:	Step: 26	Reward: -15.0
Episode 874:	Step: 7	Reward: 4.0
Episode 875:	Step: 22	Reward: -11.0
Episode 876:	Step: 21	Reward: -10.0
Episode 877:	Step: 35	Reward: -24.0
Episode 878:	Step: 20	Reward: -9.0
Episode 879:	Step: 27	Reward: -16.0
Episode 880:	Step: 55	Reward: -44.0
Test after Episode 880:	Average Step: 10000.0	Average Reward: -10000.0
Episode 881:	Step: 25	Reward: -14.0
Episode 882:	Step: 38	Reward: -27.0
Episode 883:	Step: 30	Reward: -19.0
Episode 884:	Step: 2	Reward: 9.0
Episode 885:	Step: 12	Reward: -1.0
Episode 886:	Step: 45	Reward: -34.0
Episode 887:	Step: 13	Reward: -2.0
Episode 888:	Step: 7	Reward: 4.0
Episode 889:	Step: 29	Reward: -18.0
Episode 890:	Step: 23	Reward: -12.0
Episode 891:	Step: 10	Reward: 1.0
Episode 892:	Step: 12	Reward: -1.0
Episode 893:	Step: 9	Reward: 2.0
Episode 894:	Step: 60	Reward: -49.0
Episode 895:	Step: 46	Reward: -35.0
Episode 896:	Step: 37	Reward: -26.0
Episode 897:	Step: 28	Reward: -17.0
Episode 898:	Step: 38	Reward: -27.0
Episode 899:	Step: 35	Reward: -24.0
Episode 900:	Step: 32	Reward: -21.0
Test after Episode 900:	Average Step: 6.0	Average Reward: 5.0
Episode 901:	Step: 18	Reward: -7.0
Episode 902:	Step: 26	Reward: -15.0
Episode 903:	Step: 28	Reward: -17.0
Episode 904:	Step: 23	Reward: -12.0
Episode 905:	Step: 10	Reward: 1.0
Episode 906:	Step: 27	Reward: -16.0
Episode 907:	Step: 28	Reward: -17.0
Episode 908:	Step: 31	Reward: -20.0
Episode 909:	Step: 7	Reward: 4.0
Episode 910:	Step: 56	Reward: -45.0
Episode 911:	Step: 55	Reward: -44.0
Episode 912:	Step: 11	Reward: 0.0
Episode 913:	Step: 12	Reward: -1.0
Episode 914:	Step: 43	Reward: -41.0
Episode 915:	Step: 15	Reward: -4.0
Episode 916:	Step: 33	Reward: -22.0
Episode 917:	Step: 56	Reward: -45.0
Episode 918:	Step: 25	Reward: -14.0
Episode 919:	Step: 24	Reward: -13.0
Episode 920:	Step: 7	Reward: 4.0
Test after Episode 920:	Average Step: 10000.0	Average Reward: -10000.0
Episode 921:	Step: 14	Reward: -3.0
Episode 922:	Step: 33	Reward: -22.0
Episode 923:	Step: 13	Reward: -2.0
Episode 924:	Step: 36	Reward: -25.0
Episode 925:	Step: 23	Reward: -12.0
Episode 926:	Step: 33	Reward: -22.0
Episode 927:	Step: 23	Reward: -12.0
Episode 928:	Step: 34	Reward: -23.0
Episode 929:	Step: 15	Reward: -4.0
Episode 930:	Step: 47	Reward: -36.0
Episode 931:	Step: 26	Reward: -24.0
Episode 932:	Step: 16	Reward: -5.0
Episode 933:	Step: 23	Reward: -12.0
Episode 934:	Step: 14	Reward: -3.0
Episode 935:	Step: 41	Reward: -30.0
Episode 936:	Step: 40	Reward: -29.0
Episode 937:	Step: 6	Reward: 5.0
Episode 938:	Step: 21	Reward: -10.0
Episode 939:	Step: 32	Reward: -21.0
Episode 940:	Step: 2	Reward: 9.0
Test after Episode 940:	Average Step: 10000.0	Average Reward: -10000.0
Episode 941:	Step: 22	Reward: -11.0
Episode 942:	Step: 46	Reward: -35.0
Episode 943:	Step: 29	Reward: -18.0
Episode 944:	Step: 19	Reward: -8.0
Episode 945:	Step: 51	Reward: -40.0
Episode 946:	Step: 47	Reward: -36.0
Episode 947:	Step: 23	Reward: -12.0
Episode 948:	Step: 11	Reward: 0.0
Episode 949:	Step: 38	Reward: -27.0
Episode 950:	Step: 25	Reward: -14.0
Episode 951:	Step: 11	Reward: 0.0
Episode 952:	Step: 28	Reward: -17.0
Episode 953:	Step: 17	Reward: -6.0
Episode 954:	Step: 10	Reward: 1.0
Episode 955:	Step: 16	Reward: -5.0
Episode 956:	Step: 9	Reward: 2.0
Episode 957:	Step: 14	Reward: -3.0
Episode 958:	Step: 23	Reward: -12.0
Episode 959:	Step: 15	Reward: -4.0
Episode 960:	Step: 23	Reward: -21.0
Test after Episode 960:	Average Step: 10000.0	Average Reward: -10000.0
Episode 961:	Step: 35	Reward: -24.0
Episode 962:	Step: 8	Reward: 3.0
Episode 963:	Step: 73	Reward: -62.0
Episode 964:	Step: 16	Reward: -5.0
Episode 965:	Step: 63	Reward: -52.0
Episode 966:	Step: 16	Reward: -5.0
Episode 967:	Step: 40	Reward: -29.0
Episode 968:	Step: 22	Reward: -11.0
Episode 969:	Step: 26	Reward: -15.0
Episode 970:	Step: 20	Reward: -9.0
Episode 971:	Step: 27	Reward: -16.0
Episode 972:	Step: 13	Reward: -2.0
Episode 973:	Step: 25	Reward: -14.0
Episode 974:	Step: 21	Reward: -10.0
Episode 975:	Step: 36	Reward: -25.0
Episode 976:	Step: 43	Reward: -32.0
Episode 977:	Step: 32	Reward: -21.0
Episode 978:	Step: 5	Reward: 6.0
Episode 979:	Step: 41	Reward: -30.0
Episode 980:	Step: 37	Reward: -26.0
Test after Episode 980:	Average Step: 10000.0	Average Reward: -10000.0
Episode 981:	Step: 25	Reward: -14.0
Episode 982:	Step: 13	Reward: -2.0
Episode 983:	Step: 15	Reward: -4.0
Episode 984:	Step: 9	Reward: 2.0
Episode 985:	Step: 42	Reward: -31.0
Episode 986:	Step: 15	Reward: -4.0
Episode 987:	Step: 5	Reward: 6.0
Episode 988:	Step: 12	Reward: -1.0
Episode 989:	Step: 29	Reward: -18.0
Episode 990:	Step: 21	Reward: -10.0
Episode 991:	Step: 14	Reward: -3.0
Episode 992:	Step: 18	Reward: -7.0
Episode 993:	Step: 33	Reward: -22.0
Episode 994:	Step: 28	Reward: -17.0
Episode 995:	Step: 49	Reward: -38.0
Episode 996:	Step: 35	Reward: -24.0
Episode 997:	Step: 24	Reward: -13.0
Episode 998:	Step: 14	Reward: -3.0
Episode 999:	Step: 19	Reward: -8.0
*********************** Test ******************************
Test Episode 0: 	Step: 5 	Reward: 6.0
Test Episode 1: 	Step: 10000 	Reward: -10000.0
Test Episode 2: 	Step: 10000 	Reward: -10000.0
Test Episode 3: 	Step: 10000 	Reward: -10000.0
Test Episode 4: 	Step: 10000 	Reward: -10000.0
